Performing C SOURCE FILE Test CMAKE_HAVE_LIBC_PTHREAD failed with the following output:
Change Dir: /home/demijan/Projects/Engine/build/CMakeFiles/CMakeTmp

Run Build Command(s):/home/demijan/.local/bin/ninja cmTC_3d53f && [1/2] Building C object CMakeFiles/cmTC_3d53f.dir/src.c.o
[2/2] Linking C executable cmTC_3d53f
FAILED: cmTC_3d53f 
: && /usr/bin/gcc -DCMAKE_HAVE_LIBC_PTHREAD   CMakeFiles/cmTC_3d53f.dir/src.c.o  -o cmTC_3d53f   && :
/usr/bin/ld: CMakeFiles/cmTC_3d53f.dir/src.c.o: in function `main':
src.c:(.text+0x2d): undefined reference to `pthread_create'
/usr/bin/ld: src.c:(.text+0x39): undefined reference to `pthread_detach'
/usr/bin/ld: src.c:(.text+0x45): undefined reference to `pthread_cancel'
/usr/bin/ld: src.c:(.text+0x56): undefined reference to `pthread_join'
collect2: error: ld returned 1 exit status
ninja: build stopped: subcommand failed.


Source file was:
#include <pthread.h>

void* test_func(void* data)
{
  return data;
}

int main(void)
{
  pthread_t thread;
  pthread_create(&thread, NULL, test_func, NULL);
  pthread_detach(thread);
  pthread_cancel(thread);
  pthread_join(thread, NULL);
  pthread_atfork(NULL, NULL, NULL);
  pthread_exit(NULL);

  return 0;
}

Determining if the function pthread_create exists in the pthreads failed with the following output:
Change Dir: /home/demijan/Projects/Engine/build/CMakeFiles/CMakeTmp

Run Build Command(s):/home/demijan/.local/bin/ninja cmTC_b63eb && [1/2] Building C object CMakeFiles/cmTC_b63eb.dir/CheckFunctionExists.c.o
[2/2] Linking C executable cmTC_b63eb
FAILED: cmTC_b63eb 
: && /usr/bin/gcc -DCHECK_FUNCTION_EXISTS=pthread_create   CMakeFiles/cmTC_b63eb.dir/CheckFunctionExists.c.o  -o cmTC_b63eb  -lpthreads && :
/usr/bin/ld: cannot find -lpthreads
collect2: error: ld returned 1 exit status
ninja: build stopped: subcommand failed.



